# JRE version: Java(TM) SE Runtime Environment (8.0_112-b15) (build 1.8.0_112-b15)
# Java VM: Java HotSpot(TM) 64-Bit Server VM (25.112-b15 mixed mode windows-amd64 compressed oops)
Heap:
 PSYoungGen      total 137216K, used 58025K [0x00000000eab00000, 0x00000000f4580000, 0x0000000100000000)
  eden space 118272K, 43% used [0x00000000eab00000,0x00000000edd494f8,0x00000000f1e80000)
  from space 18944K, 34% used [0x00000000f3300000,0x00000000f3960f90,0x00000000f4580000)
  to   space 19968K, 0% used [0x00000000f1e80000,0x00000000f1e80000,0x00000000f3200000)
 ParOldGen       total 105984K, used 49814K [0x00000000c0000000, 0x00000000c6780000, 0x00000000eab00000)
  object space 105984K, 47% used [0x00000000c0000000,0x00000000c30a58b8,0x00000000c6780000)
 Metaspace       used 65150K, capacity 67018K, committed 68608K, reserved 1107968K
  class space    used 8494K, capacity 8841K, committed 9216K, reserved 1048576K
GC Heap History (10 events):
Event: 1134.606 GC heap before
{Heap before GC invocations=38 (full 4):
 PSYoungGen      total 98816K, used 97769K [0x00000000eab00000, 0x00000000f3000000, 0x0000000100000000)
  eden space 76800K, 100% used [0x00000000eab00000,0x00000000ef600000,0x00000000ef600000)
  from space 22016K, 95% used [0x00000000ef600000,0x00000000f0a7a7c8,0x00000000f0b80000)
  to   space 25600K, 0% used [0x00000000f1700000,0x00000000f1700000,0x00000000f3000000)
 ParOldGen       total 105984K, used 47640K [0x00000000c0000000, 0x00000000c6780000, 0x00000000eab00000)
  object space 105984K, 44% used [0x00000000c0000000,0x00000000c2e86038,0x00000000c6780000)
 Metaspace       used 63612K, capacity 65258K, committed 66944K, reserved 1107968K
  class space    used 8321K, capacity 8635K, committed 9088K, reserved 1048576K
Event: 1134.629 GC heap after
Heap after GC invocations=38 (full 4):
 PSYoungGen      total 104448K, used 9361K [0x00000000eab00000, 0x00000000f2b80000, 0x0000000100000000)
  eden space 83456K, 0% used [0x00000000eab00000,0x00000000eab00000,0x00000000efc80000)
  from space 20992K, 44% used [0x00000000f1700000,0x00000000f20244f0,0x00000000f2b80000)
  to   space 24064K, 0% used [0x00000000efc80000,0x00000000efc80000,0x00000000f1400000)
 ParOldGen       total 105984K, used 47648K [0x00000000c0000000, 0x00000000c6780000, 0x00000000eab00000)
  object space 105984K, 44% used [0x00000000c0000000,0x00000000c2e88038,0x00000000c6780000)
 Metaspace       used 63612K, capacity 65258K, committed 66944K, reserved 1107968K
  class space    used 8321K, capacity 8635K, committed 9088K, reserved 1048576K
}
Event: 1135.021 GC heap before
{Heap before GC invocations=39 (full 4):
 PSYoungGen      total 104448K, used 92191K [0x00000000eab00000, 0x00000000f2b80000, 0x0000000100000000)
  eden space 83456K, 99% used [0x00000000eab00000,0x00000000efbe3998,0x00000000efc80000)
  from space 20992K, 44% used [0x00000000f1700000,0x00000000f20244f0,0x00000000f2b80000)
  to   space 24064K, 0% used [0x00000000efc80000,0x00000000efc80000,0x00000000f1400000)
 ParOldGen       total 105984K, used 47648K [0x00000000c0000000, 0x00000000c6780000, 0x00000000eab00000)
  object space 105984K, 44% used [0x00000000c0000000,0x00000000c2e88038,0x00000000c6780000)
 Metaspace       used 63889K, capacity 65628K, committed 67200K, reserved 1107968K
  class space    used 8367K, capacity 8686K, committed 9088K, reserved 1048576K
Event: 1135.035 GC heap after
Heap after GC invocations=39 (full 4):
 PSYoungGen      total 107520K, used 10084K [0x00000000eab00000, 0x00000000f3380000, 0x0000000100000000)
  eden space 83456K, 0% used [0x00000000eab00000,0x00000000eab00000,0x00000000efc80000)
  from space 24064K, 41% used [0x00000000efc80000,0x00000000f0659300,0x00000000f1400000)
  to   space 22528K, 0% used [0x00000000f1d80000,0x00000000f1d80000,0x00000000f3380000)
 ParOldGen       total 105984K, used 47656K [0x00000000c0000000, 0x00000000c6780000, 0x00000000eab00000)
  object space 105984K, 44% used [0x00000000c0000000,0x00000000c2e8a038,0x00000000c6780000)
 Metaspace       used 63889K, capacity 65628K, committed 67200K, reserved 1107968K
  class space    used 8367K, capacity 8686K, committed 9088K, reserved 1048576K
}
Event: 1135.052 GC heap before
{Heap before GC invocations=40 (full 4):
 PSYoungGen      total 107520K, used 92563K [0x00000000eab00000, 0x00000000f3380000, 0x0000000100000000)
  eden space 83456K, 98% used [0x00000000eab00000,0x00000000efb8bce8,0x00000000efc80000)
  from space 24064K, 41% used [0x00000000efc80000,0x00000000f0659300,0x00000000f1400000)
  to   space 22528K, 0% used [0x00000000f1d80000,0x00000000f1d80000,0x00000000f3380000)
 ParOldGen       total 105984K, used 47656K [0x00000000c0000000, 0x00000000c6780000, 0x00000000eab00000)
  object space 105984K, 44% used [0x00000000c0000000,0x00000000c2e8a038,0x00000000c6780000)
 Metaspace       used 63891K, capacity 65628K, committed 67200K, reserved 1107968K
  class space    used 8367K, capacity 8686K, committed 9088K, reserved 1048576K
Event: 1135.066 GC heap after
Heap after GC invocations=40 (full 4):
 PSYoungGen      total 118272K, used 9397K [0x00000000eab00000, 0x00000000f3980000, 0x0000000100000000)
  eden space 95744K, 0% used [0x00000000eab00000,0x00000000eab00000,0x00000000f0880000)
  from space 22528K, 41% used [0x00000000f1d80000,0x00000000f26ad4d8,0x00000000f3380000)
  to   space 21504K, 0% used [0x00000000f0880000,0x00000000f0880000,0x00000000f1d80000)
 ParOldGen       total 105984K, used 47664K [0x00000000c0000000, 0x00000000c6780000, 0x00000000eab00000)
  object space 105984K, 44% used [0x00000000c0000000,0x00000000c2e8c038,0x00000000c6780000)
 Metaspace       used 63891K, capacity 65628K, committed 67200K, reserved 1107968K
  class space    used 8367K, capacity 8686K, committed 9088K, reserved 1048576K
}
Event: 1135.086 GC heap before
{Heap before GC invocations=41 (full 4):
 PSYoungGen      total 118272K, used 104434K [0x00000000eab00000, 0x00000000f3980000, 0x0000000100000000)
  eden space 95744K, 99% used [0x00000000eab00000,0x00000000f07cf598,0x00000000f0880000)
  from space 22528K, 41% used [0x00000000f1d80000,0x00000000f26ad4d8,0x00000000f3380000)
  to   space 21504K, 0% used [0x00000000f0880000,0x00000000f0880000,0x00000000f1d80000)
 ParOldGen       total 105984K, used 47664K [0x00000000c0000000, 0x00000000c6780000, 0x00000000eab00000)
  object space 105984K, 44% used [0x00000000c0000000,0x00000000c2e8c038,0x00000000c6780000)
 Metaspace       used 63893K, capacity 65628K, committed 67200K, reserved 1107968K
  class space    used 8367K, capacity 8686K, committed 9088K, reserved 1048576K
Event: 1135.105 GC heap after
Heap after GC invocations=41 (full 4):
 PSYoungGen      total 117248K, used 8842K [0x00000000eab00000, 0x00000000f4700000, 0x0000000100000000)
  eden space 95744K, 0% used [0x00000000eab00000,0x00000000eab00000,0x00000000f0880000)
  from space 21504K, 41% used [0x00000000f0880000,0x00000000f1122b18,0x00000000f1d80000)
  to   space 20480K, 0% used [0x00000000f3300000,0x00000000f3300000,0x00000000f4700000)
 ParOldGen       total 105984K, used 47672K [0x00000000c0000000, 0x00000000c6780000, 0x00000000eab00000)
  object space 105984K, 44% used [0x00000000c0000000,0x00000000c2e8e038,0x00000000c6780000)
 Metaspace       used 63893K, capacity 65628K, committed 67200K, reserved 1107968K
  class space    used 8367K, capacity 8686K, committed 9088K, reserved 1048576K
}
Event: 1135.412 GC heap before
{Heap before GC invocations=42 (full 4):
 PSYoungGen      total 117248K, used 104586K [0x00000000eab00000, 0x00000000f4700000, 0x0000000100000000)
  eden space 95744K, 100% used [0x00000000eab00000,0x00000000f0880000,0x00000000f0880000)
  from space 21504K, 41% used [0x00000000f0880000,0x00000000f1122b18,0x00000000f1d80000)
  to   space 20480K, 0% used [0x00000000f3300000,0x00000000f3300000,0x00000000f4700000)
 ParOldGen       total 105984K, used 47672K [0x00000000c0000000, 0x00000000c6780000, 0x00000000eab00000)
  object space 105984K, 44% used [0x00000000c0000000,0x00000000c2e8e038,0x00000000c6780000)
 Metaspace       used 64001K, capacity 65756K, committed 67200K, reserved 1107968K
  class space    used 8386K, capacity 8724K, committed 9088K, reserved 1048576K
Event: 1135.427 GC heap after
Heap after GC invocations=42 (full 4):
 PSYoungGen      total 137216K, used 6531K [0x00000000eab00000, 0x00000000f4580000, 0x0000000100000000)
  eden space 118272K, 0% used [0x00000000eab00000,0x00000000eab00000,0x00000000f1e80000)
  from space 18944K, 34% used [0x00000000f3300000,0x00000000f3960f90,0x00000000f4580000)
  to   space 19968K, 0% used [0x00000000f1e80000,0x00000000f1e80000,0x00000000f3200000)
 ParOldGen       total 105984K, used 49814K [0x00000000c0000000, 0x00000000c6780000, 0x00000000eab00000)
  object space 105984K, 47% used [0x00000000c0000000,0x00000000c30a58b8,0x00000000c6780000)
 Metaspace       used 64001K, capacity 65756K, committed 67200K, reserved 1107968K
  class space    used 8386K, capacity 8724K, committed 9088K, reserved 1048576K
}

