# JRE version: Java(TM) SE Runtime Environment (8.0_112-b15) (build 1.8.0_112-b15)
# Java VM: Java HotSpot(TM) 64-Bit Server VM (25.112-b15 mixed mode windows-amd64 compressed oops)
Heap:
 PSYoungGen      total 245760K, used 60269K [0x000000076ab00000, 0x0000000784b80000, 0x00000007c0000000)
  eden space 140288K, 42% used [0x000000076ab00000,0x000000076e5db450,0x0000000773400000)
  from space 105472K, 0% used [0x0000000773400000,0x0000000773400000,0x0000000779b00000)
  to   space 131072K, 0% used [0x000000077cb80000,0x000000077cb80000,0x0000000784b80000)
 ParOldGen       total 271872K, used 155537K [0x00000006c0000000, 0x00000006d0980000, 0x000000076ab00000)
  object space 271872K, 57% used [0x00000006c0000000,0x00000006c97e4410,0x00000006d0980000)
 Metaspace       used 6651K, capacity 7256K, committed 7424K, reserved 1056768K
  class space    used 642K, capacity 656K, committed 768K, reserved 1048576K
GC Heap History (10 events):
Event: 29.545 GC heap before
{Heap before GC invocations=15 (full 3):
 PSYoungGen      total 208896K, used 154479K [0x000000076ab00000, 0x000000077e280000, 0x00000007c0000000)
  eden space 110592K, 100% used [0x000000076ab00000,0x0000000771700000,0x0000000771700000)
  from space 98304K, 44% used [0x0000000771700000,0x00000007741dbe38,0x0000000777700000)
  to   space 94720K, 0% used [0x0000000778600000,0x0000000778600000,0x000000077e280000)
 ParOldGen       total 254464K, used 197510K [0x00000006c0000000, 0x00000006cf880000, 0x000000076ab00000)
  object space 254464K, 77% used [0x00000006c0000000,0x00000006cc0e1b60,0x00000006cf880000)
 Metaspace       used 6551K, capacity 7192K, committed 7424K, reserved 1056768K
  class space    used 641K, capacity 656K, committed 768K, reserved 1048576K
Event: 29.808 GC heap after
Heap after GC invocations=15 (full 3):
 PSYoungGen      total 222208K, used 57967K [0x000000076ab00000, 0x000000077e680000, 0x00000007c0000000)
  eden space 127488K, 0% used [0x000000076ab00000,0x000000076ab00000,0x0000000772780000)
  from space 94720K, 61% used [0x0000000778600000,0x000000077be9bdc0,0x000000077e280000)
  to   space 96768K, 0% used [0x0000000772780000,0x0000000772780000,0x0000000778600000)
 ParOldGen       total 254464K, used 197510K [0x00000006c0000000, 0x00000006cf880000, 0x000000076ab00000)
  object space 254464K, 77% used [0x00000006c0000000,0x00000006cc0e1b60,0x00000006cf880000)
 Metaspace       used 6551K, capacity 7192K, committed 7424K, reserved 1056768K
  class space    used 641K, capacity 656K, committed 768K, reserved 1048576K
}
Event: 31.008 GC heap before
{Heap before GC invocations=16 (full 3):
 PSYoungGen      total 222208K, used 185455K [0x000000076ab00000, 0x000000077e680000, 0x00000007c0000000)
  eden space 127488K, 100% used [0x000000076ab00000,0x0000000772780000,0x0000000772780000)
  from space 94720K, 61% used [0x0000000778600000,0x000000077be9bdc0,0x000000077e280000)
  to   space 96768K, 0% used [0x0000000772780000,0x0000000772780000,0x0000000778600000)
 ParOldGen       total 254464K, used 197510K [0x00000006c0000000, 0x00000006cf880000, 0x000000076ab00000)
  object space 254464K, 77% used [0x00000006c0000000,0x00000006cc0e1b60,0x00000006cf880000)
 Metaspace       used 6595K, capacity 7192K, committed 7424K, reserved 1056768K
  class space    used 641K, capacity 656K, committed 768K, reserved 1048576K
Event: 31.171 GC heap after
Heap after GC invocations=16 (full 3):
 PSYoungGen      total 224256K, used 57528K [0x000000076ab00000, 0x000000077fa00000, 0x00000007c0000000)
  eden space 127488K, 0% used [0x000000076ab00000,0x000000076ab00000,0x0000000772780000)
  from space 96768K, 59% used [0x0000000772780000,0x0000000775fae2c0,0x0000000778600000)
  to   space 97280K, 0% used [0x0000000779b00000,0x0000000779b00000,0x000000077fa00000)
 ParOldGen       total 254464K, used 197518K [0x00000006c0000000, 0x00000006cf880000, 0x000000076ab00000)
  object space 254464K, 77% used [0x00000006c0000000,0x00000006cc0e3b60,0x00000006cf880000)
 Metaspace       used 6595K, capacity 7192K, committed 7424K, reserved 1056768K
  class space    used 641K, capacity 656K, committed 768K, reserved 1048576K
}
Event: 32.437 GC heap before
{Heap before GC invocations=17 (full 3):
 PSYoungGen      total 224256K, used 185016K [0x000000076ab00000, 0x000000077fa00000, 0x00000007c0000000)
  eden space 127488K, 100% used [0x000000076ab00000,0x0000000772780000,0x0000000772780000)
  from space 96768K, 59% used [0x0000000772780000,0x0000000775fae2c0,0x0000000778600000)
  to   space 97280K, 0% used [0x0000000779b00000,0x0000000779b00000,0x000000077fa00000)
 ParOldGen       total 254464K, used 197518K [0x00000006c0000000, 0x00000006cf880000, 0x000000076ab00000)
  object space 254464K, 77% used [0x00000006c0000000,0x00000006cc0e3b60,0x00000006cf880000)
 Metaspace       used 6650K, capacity 7256K, committed 7424K, reserved 1056768K
  class space    used 642K, capacity 656K, committed 768K, reserved 1048576K
Event: 32.618 GC heap after
Heap after GC invocations=17 (full 3):
 PSYoungGen      total 237568K, used 78905K [0x000000076ab00000, 0x0000000780980000, 0x00000007c0000000)
  eden space 140288K, 0% used [0x000000076ab00000,0x000000076ab00000,0x0000000773400000)
  from space 97280K, 81% used [0x0000000779b00000,0x000000077e80e588,0x000000077fa00000)
  to   space 105472K, 0% used [0x0000000773400000,0x0000000773400000,0x0000000779b00000)
 ParOldGen       total 254464K, used 197526K [0x00000006c0000000, 0x00000006cf880000, 0x000000076ab00000)
  object space 254464K, 77% used [0x00000006c0000000,0x00000006cc0e5b60,0x00000006cf880000)
 Metaspace       used 6650K, capacity 7256K, committed 7424K, reserved 1056768K
  class space    used 642K, capacity 656K, committed 768K, reserved 1048576K
}
Event: 33.604 GC heap before
{Heap before GC invocations=18 (full 3):
 PSYoungGen      total 237568K, used 219193K [0x000000076ab00000, 0x0000000780980000, 0x00000007c0000000)
  eden space 140288K, 100% used [0x000000076ab00000,0x0000000773400000,0x0000000773400000)
  from space 97280K, 81% used [0x0000000779b00000,0x000000077e80e588,0x000000077fa00000)
  to   space 105472K, 0% used [0x0000000773400000,0x0000000773400000,0x0000000779b00000)
 ParOldGen       total 254464K, used 197526K [0x00000006c0000000, 0x00000006cf880000, 0x000000076ab00000)
  object space 254464K, 77% used [0x00000006c0000000,0x00000006cc0e5b60,0x00000006cf880000)
 Metaspace       used 6651K, capacity 7256K, committed 7424K, reserved 1056768K
  class space    used 642K, capacity 656K, committed 768K, reserved 1048576K
Event: 33.847 GC heap after
Heap after GC invocations=18 (full 3):
 PSYoungGen      total 245760K, used 105469K [0x000000076ab00000, 0x0000000784b80000, 0x00000007c0000000)
  eden space 140288K, 0% used [0x000000076ab00000,0x000000076ab00000,0x0000000773400000)
  from space 105472K, 99% used [0x0000000773400000,0x0000000779aff7b8,0x0000000779b00000)
  to   space 131072K, 0% used [0x000000077cb80000,0x000000077cb80000,0x0000000784b80000)
 ParOldGen       total 254464K, used 222341K [0x00000006c0000000, 0x00000006cf880000, 0x000000076ab00000)
  object space 254464K, 87% used [0x00000006c0000000,0x00000006cd921760,0x00000006cf880000)
 Metaspace       used 6651K, capacity 7256K, committed 7424K, reserved 1056768K
  class space    used 642K, capacity 656K, committed 768K, reserved 1048576K
}
Event: 33.847 GC heap before
{Heap before GC invocations=19 (full 4):
 PSYoungGen      total 245760K, used 105469K [0x000000076ab00000, 0x0000000784b80000, 0x00000007c0000000)
  eden space 140288K, 0% used [0x000000076ab00000,0x000000076ab00000,0x0000000773400000)
  from space 105472K, 99% used [0x0000000773400000,0x0000000779aff7b8,0x0000000779b00000)
  to   space 131072K, 0% used [0x000000077cb80000,0x000000077cb80000,0x0000000784b80000)
 ParOldGen       total 254464K, used 222341K [0x00000006c0000000, 0x00000006cf880000, 0x000000076ab00000)
  object space 254464K, 87% used [0x00000006c0000000,0x00000006cd921760,0x00000006cf880000)
 Metaspace       used 6651K, capacity 7256K, committed 7424K, reserved 1056768K
  class space    used 642K, capacity 656K, committed 768K, reserved 1048576K
Event: 34.766 GC heap after
Heap after GC invocations=19 (full 4):
 PSYoungGen      total 245760K, used 0K [0x000000076ab00000, 0x0000000784b80000, 0x00000007c0000000)
  eden space 140288K, 0% used [0x000000076ab00000,0x000000076ab00000,0x0000000773400000)
  from space 105472K, 0% used [0x0000000773400000,0x0000000773400000,0x0000000779b00000)
  to   space 131072K, 0% used [0x000000077cb80000,0x000000077cb80000,0x0000000784b80000)
 ParOldGen       total 271872K, used 155537K [0x00000006c0000000, 0x00000006d0980000, 0x000000076ab00000)
  object space 271872K, 57% used [0x00000006c0000000,0x00000006c97e4410,0x00000006d0980000)
 Metaspace       used 6651K, capacity 7256K, committed 7424K, reserved 1056768K
  class space    used 642K, capacity 656K, committed 768K, reserved 1048576K
}

