# JRE version: Java(TM) SE Runtime Environment (8.0_112-b15) (build 1.8.0_112-b15)
# Java VM: Java HotSpot(TM) 64-Bit Server VM (25.112-b15 mixed mode windows-amd64 compressed oops)
Heap:
 PSYoungGen      total 519680K, used 330567K [0x000000076ab00000, 0x0000000797700000, 0x00000007c0000000)
  eden space 350208K, 76% used [0x000000076ab00000,0x000000077b0ac150,0x0000000780100000)
  from space 169472K, 36% used [0x000000078d180000,0x0000000790ea5cb0,0x0000000797700000)
  to   space 109568K, 0% used [0x0000000780100000,0x0000000780100000,0x0000000786c00000)
 ParOldGen       total 876032K, used 569826K [0x00000006c0000000, 0x00000006f5780000, 0x000000076ab00000)
  object space 876032K, 65% used [0x00000006c0000000,0x00000006e2c78be0,0x00000006f5780000)
 Metaspace       used 6657K, capacity 7320K, committed 7680K, reserved 1056768K
  class space    used 633K, capacity 656K, committed 768K, reserved 1048576K
GC Heap History (10 events):
Event: 43.939 GC heap before
{Heap before GC invocations=27 (full 6):
 PSYoungGen      total 459776K, used 109538K [0x000000076ab00000, 0x0000000797700000, 0x00000007c0000000)
  eden space 350208K, 0% used [0x000000076ab00000,0x000000076ab00000,0x0000000780100000)
  from space 109568K, 99% used [0x0000000780100000,0x0000000786bf89e0,0x0000000786c00000)
  to   space 169472K, 0% used [0x000000078d180000,0x000000078d180000,0x0000000797700000)
 ParOldGen       total 580608K, used 509498K [0x00000006c0000000, 0x00000006e3700000, 0x000000076ab00000)
  object space 580608K, 87% used [0x00000006c0000000,0x00000006df18ebd8,0x00000006e3700000)
 Metaspace       used 6656K, capacity 7320K, committed 7680K, reserved 1056768K
  class space    used 633K, capacity 656K, committed 768K, reserved 1048576K
Event: 46.360 GC heap after
Heap after GC invocations=27 (full 6):
 PSYoungGen      total 459776K, used 32382K [0x000000076ab00000, 0x0000000797700000, 0x00000007c0000000)
  eden space 350208K, 0% used [0x000000076ab00000,0x000000076ab00000,0x0000000780100000)
  from space 109568K, 29% used [0x0000000780100000,0x000000078209fa78,0x0000000786c00000)
  to   space 169472K, 0% used [0x000000078d180000,0x000000078d180000,0x0000000797700000)
 ParOldGen       total 824832K, used 580252K [0x00000006c0000000, 0x00000006f2580000, 0x000000076ab00000)
  object space 824832K, 70% used [0x00000006c0000000,0x00000006e36a73c8,0x00000006f2580000)
 Metaspace       used 6656K, capacity 7320K, committed 7680K, reserved 1056768K
  class space    used 633K, capacity 656K, committed 768K, reserved 1048576K
}
Event: 47.594 GC heap before
{Heap before GC invocations=28 (full 6):
 PSYoungGen      total 459776K, used 382590K [0x000000076ab00000, 0x0000000797700000, 0x00000007c0000000)
  eden space 350208K, 100% used [0x000000076ab00000,0x0000000780100000,0x0000000780100000)
  from space 109568K, 29% used [0x0000000780100000,0x000000078209fa78,0x0000000786c00000)
  to   space 169472K, 0% used [0x000000078d180000,0x000000078d180000,0x0000000797700000)
 ParOldGen       total 824832K, used 580252K [0x00000006c0000000, 0x00000006f2580000, 0x000000076ab00000)
  object space 824832K, 70% used [0x00000006c0000000,0x00000006e36a73c8,0x00000006f2580000)
 Metaspace       used 6656K, capacity 7320K, committed 7680K, reserved 1056768K
  class space    used 633K, capacity 656K, committed 768K, reserved 1048576K
Event: 48.048 GC heap after
Heap after GC invocations=28 (full 6):
 PSYoungGen      total 519680K, used 169449K [0x000000076ab00000, 0x0000000797700000, 0x00000007c0000000)
  eden space 350208K, 0% used [0x000000076ab00000,0x000000076ab00000,0x0000000780100000)
  from space 169472K, 99% used [0x000000078d180000,0x00000007976fa6d0,0x0000000797700000)
  to   space 109568K, 0% used [0x0000000780100000,0x0000000780100000,0x0000000786c00000)
 ParOldGen       total 824832K, used 607896K [0x00000006c0000000, 0x00000006f2580000, 0x000000076ab00000)
  object space 824832K, 73% used [0x00000006c0000000,0x00000006e51a6258,0x00000006f2580000)
 Metaspace       used 6656K, capacity 7320K, committed 7680K, reserved 1056768K
  class space    used 633K, capacity 656K, committed 768K, reserved 1048576K
}
Event: 49.709 GC heap before
{Heap before GC invocations=29 (full 6):
 PSYoungGen      total 519680K, used 519657K [0x000000076ab00000, 0x0000000797700000, 0x00000007c0000000)
  eden space 350208K, 100% used [0x000000076ab00000,0x0000000780100000,0x0000000780100000)
  from space 169472K, 99% used [0x000000078d180000,0x00000007976fa6d0,0x0000000797700000)
  to   space 109568K, 0% used [0x0000000780100000,0x0000000780100000,0x0000000786c00000)
 ParOldGen       total 824832K, used 607896K [0x00000006c0000000, 0x00000006f2580000, 0x000000076ab00000)
  object space 824832K, 73% used [0x00000006c0000000,0x00000006e51a6258,0x00000006f2580000)
 Metaspace       used 6656K, capacity 7320K, committed 7680K, reserved 1056768K
  class space    used 633K, capacity 656K, committed 768K, reserved 1048576K
Event: 50.074 GC heap after
Heap after GC invocations=29 (full 6):
 PSYoungGen      total 459776K, used 97155K [0x000000076ab00000, 0x0000000797700000, 0x00000007c0000000)
  eden space 350208K, 0% used [0x000000076ab00000,0x000000076ab00000,0x0000000780100000)
  from space 109568K, 88% used [0x0000000780100000,0x0000000785fe0f08,0x0000000786c00000)
  to   space 169472K, 0% used [0x000000078d180000,0x000000078d180000,0x0000000797700000)
 ParOldGen       total 824832K, used 754589K [0x00000006c0000000, 0x00000006f2580000, 0x000000076ab00000)
  object space 824832K, 91% used [0x00000006c0000000,0x00000006ee0e76f0,0x00000006f2580000)
 Metaspace       used 6656K, capacity 7320K, committed 7680K, reserved 1056768K
  class space    used 633K, capacity 656K, committed 768K, reserved 1048576K
}
Event: 50.075 GC heap before
{Heap before GC invocations=30 (full 7):
 PSYoungGen      total 459776K, used 97155K [0x000000076ab00000, 0x0000000797700000, 0x00000007c0000000)
  eden space 350208K, 0% used [0x000000076ab00000,0x000000076ab00000,0x0000000780100000)
  from space 109568K, 88% used [0x0000000780100000,0x0000000785fe0f08,0x0000000786c00000)
  to   space 169472K, 0% used [0x000000078d180000,0x000000078d180000,0x0000000797700000)
 ParOldGen       total 824832K, used 754589K [0x00000006c0000000, 0x00000006f2580000, 0x000000076ab00000)
  object space 824832K, 91% used [0x00000006c0000000,0x00000006ee0e76f0,0x00000006f2580000)
 Metaspace       used 6656K, capacity 7320K, committed 7680K, reserved 1056768K
  class space    used 633K, capacity 656K, committed 768K, reserved 1048576K
Event: 52.262 GC heap after
Heap after GC invocations=30 (full 7):
 PSYoungGen      total 459776K, used 0K [0x000000076ab00000, 0x0000000797700000, 0x00000007c0000000)
  eden space 350208K, 0% used [0x000000076ab00000,0x000000076ab00000,0x0000000780100000)
  from space 109568K, 0% used [0x0000000780100000,0x0000000780100000,0x0000000786c00000)
  to   space 169472K, 0% used [0x000000078d180000,0x000000078d180000,0x0000000797700000)
 ParOldGen       total 876032K, used 569826K [0x00000006c0000000, 0x00000006f5780000, 0x000000076ab00000)
  object space 876032K, 65% used [0x00000006c0000000,0x00000006e2c78be0,0x00000006f5780000)
 Metaspace       used 6656K, capacity 7320K, committed 7680K, reserved 1056768K
  class space    used 633K, capacity 656K, committed 768K, reserved 1048576K
}
Event: 54.082 GC heap before
{Heap before GC invocations=31 (full 7):
 PSYoungGen      total 459776K, used 350208K [0x000000076ab00000, 0x0000000797700000, 0x00000007c0000000)
  eden space 350208K, 100% used [0x000000076ab00000,0x0000000780100000,0x0000000780100000)
  from space 109568K, 0% used [0x0000000780100000,0x0000000780100000,0x0000000786c00000)
  to   space 169472K, 0% used [0x000000078d180000,0x000000078d180000,0x0000000797700000)
 ParOldGen       total 876032K, used 569826K [0x00000006c0000000, 0x00000006f5780000, 0x000000076ab00000)
  object space 876032K, 65% used [0x00000006c0000000,0x00000006e2c78be0,0x00000006f5780000)
 Metaspace       used 6656K, capacity 7320K, committed 7680K, reserved 1056768K
  class space    used 633K, capacity 656K, committed 768K, reserved 1048576K
Event: 54.161 GC heap after
Heap after GC invocations=31 (full 7):
 PSYoungGen      total 519680K, used 62615K [0x000000076ab00000, 0x0000000797700000, 0x00000007c0000000)
  eden space 350208K, 0% used [0x000000076ab00000,0x000000076ab00000,0x0000000780100000)
  from space 169472K, 36% used [0x000000078d180000,0x0000000790ea5cb0,0x0000000797700000)
  to   space 109568K, 0% used [0x0000000780100000,0x0000000780100000,0x0000000786c00000)
 ParOldGen       total 876032K, used 569826K [0x00000006c0000000, 0x00000006f5780000, 0x000000076ab00000)
  object space 876032K, 65% used [0x00000006c0000000,0x00000006e2c78be0,0x00000006f5780000)
 Metaspace       used 6656K, capacity 7320K, committed 7680K, reserved 1056768K
  class space    used 633K, capacity 656K, committed 768K, reserved 1048576K
}

