# JRE version: Java(TM) SE Runtime Environment (8.0_112-b15) (build 1.8.0_112-b15)
# Java VM: Java HotSpot(TM) 64-Bit Server VM (25.112-b15 mixed mode windows-amd64 compressed oops)
Heap:
 PSYoungGen      total 142848K, used 70394K [0x000000076ab00000, 0x0000000775500000, 0x00000007c0000000)
  eden space 125440K, 56% used [0x000000076ab00000,0x000000076efbe8a0,0x0000000772580000)
  from space 17408K, 0% used [0x0000000773b00000,0x0000000773b00000,0x0000000774c00000)
  to   space 22016K, 0% used [0x0000000772580000,0x0000000772580000,0x0000000773b00000)
 ParOldGen       total 72192K, used 37634K [0x00000006c0000000, 0x00000006c4680000, 0x000000076ab00000)
  object space 72192K, 52% used [0x00000006c0000000,0x00000006c24c0b38,0x00000006c4680000)
 Metaspace       used 6910K, capacity 7544K, committed 7680K, reserved 1056768K
  class space    used 643K, capacity 688K, committed 768K, reserved 1048576K
GC Heap History (10 events):
Event: 7.368 GC heap before
{Heap before GC invocations=5 (full 0):
 PSYoungGen      total 35328K, used 35326K [0x000000076ab00000, 0x000000076d000000, 0x00000007c0000000)
  eden space 32768K, 100% used [0x000000076ab00000,0x000000076cb00000,0x000000076cb00000)
  from space 2560K, 99% used [0x000000076cd80000,0x000000076cfff878,0x000000076d000000)
  to   space 2560K, 0% used [0x000000076cb00000,0x000000076cb00000,0x000000076cd80000)
 ParOldGen       total 44032K, used 9743K [0x00000006c0000000, 0x00000006c2b00000, 0x000000076ab00000)
  object space 44032K, 22% used [0x00000006c0000000,0x00000006c0983df8,0x00000006c2b00000)
 Metaspace       used 6414K, capacity 7128K, committed 7424K, reserved 1056768K
  class space    used 621K, capacity 656K, committed 768K, reserved 1048576K
Event: 7.394 GC heap after
Heap after GC invocations=5 (full 0):
 PSYoungGen      total 35328K, used 2531K [0x000000076ab00000, 0x000000076fb00000, 0x00000007c0000000)
  eden space 32768K, 0% used [0x000000076ab00000,0x000000076ab00000,0x000000076cb00000)
  from space 2560K, 98% used [0x000000076cb00000,0x000000076cd78f40,0x000000076cd80000)
  to   space 8192K, 0% used [0x000000076f300000,0x000000076f300000,0x000000076fb00000)
 ParOldGen       total 44032K, used 15862K [0x00000006c0000000, 0x00000006c2b00000, 0x000000076ab00000)
  object space 44032K, 36% used [0x00000006c0000000,0x00000006c0f7d948,0x00000006c2b00000)
 Metaspace       used 6414K, capacity 7128K, committed 7424K, reserved 1056768K
  class space    used 621K, capacity 656K, committed 768K, reserved 1048576K
}
Event: 7.625 GC heap before
{Heap before GC invocations=6 (full 0):
 PSYoungGen      total 35328K, used 35299K [0x000000076ab00000, 0x000000076fb00000, 0x00000007c0000000)
  eden space 32768K, 100% used [0x000000076ab00000,0x000000076cb00000,0x000000076cb00000)
  from space 2560K, 98% used [0x000000076cb00000,0x000000076cd78f40,0x000000076cd80000)
  to   space 8192K, 0% used [0x000000076f300000,0x000000076f300000,0x000000076fb00000)
 ParOldGen       total 44032K, used 15862K [0x00000006c0000000, 0x00000006c2b00000, 0x000000076ab00000)
  object space 44032K, 36% used [0x00000006c0000000,0x00000006c0f7d948,0x00000006c2b00000)
 Metaspace       used 6422K, capacity 7192K, committed 7424K, reserved 1056768K
  class space    used 621K, capacity 656K, committed 768K, reserved 1048576K
Event: 7.638 GC heap after
Heap after GC invocations=6 (full 0):
 PSYoungGen      total 73216K, used 7370K [0x000000076ab00000, 0x000000076fc00000, 0x00000007c0000000)
  eden space 65024K, 0% used [0x000000076ab00000,0x000000076ab00000,0x000000076ea80000)
  from space 8192K, 89% used [0x000000076f300000,0x000000076fa32b80,0x000000076fb00000)
  to   space 8704K, 0% used [0x000000076ea80000,0x000000076ea80000,0x000000076f300000)
 ParOldGen       total 44032K, used 15862K [0x00000006c0000000, 0x00000006c2b00000, 0x000000076ab00000)
  object space 44032K, 36% used [0x00000006c0000000,0x00000006c0f7d948,0x00000006c2b00000)
 Metaspace       used 6422K, capacity 7192K, committed 7424K, reserved 1056768K
  class space    used 621K, capacity 656K, committed 768K, reserved 1048576K
}
Event: 8.570 GC heap before
{Heap before GC invocations=7 (full 0):
 PSYoungGen      total 73216K, used 72394K [0x000000076ab00000, 0x000000076fc00000, 0x00000007c0000000)
  eden space 65024K, 100% used [0x000000076ab00000,0x000000076ea80000,0x000000076ea80000)
  from space 8192K, 89% used [0x000000076f300000,0x000000076fa32b80,0x000000076fb00000)
  to   space 8704K, 0% used [0x000000076ea80000,0x000000076ea80000,0x000000076f300000)
 ParOldGen       total 44032K, used 15862K [0x00000006c0000000, 0x00000006c2b00000, 0x000000076ab00000)
  object space 44032K, 36% used [0x00000006c0000000,0x00000006c0f7d948,0x00000006c2b00000)
 Metaspace       used 6526K, capacity 7192K, committed 7424K, reserved 1056768K
  class space    used 622K, capacity 656K, committed 768K, reserved 1048576K
Event: 8.619 GC heap after
Heap after GC invocations=7 (full 0):
 PSYoungGen      total 73728K, used 8692K [0x000000076ab00000, 0x0000000774c00000, 0x00000007c0000000)
  eden space 65024K, 0% used [0x000000076ab00000,0x000000076ab00000,0x000000076ea80000)
  from space 8704K, 99% used [0x000000076ea80000,0x000000076f2fd220,0x000000076f300000)
  to   space 17408K, 0% used [0x0000000773b00000,0x0000000773b00000,0x0000000774c00000)
 ParOldGen       total 44032K, used 31154K [0x00000006c0000000, 0x00000006c2b00000, 0x000000076ab00000)
  object space 44032K, 70% used [0x00000006c0000000,0x00000006c1e6c9e8,0x00000006c2b00000)
 Metaspace       used 6526K, capacity 7192K, committed 7424K, reserved 1056768K
  class space    used 622K, capacity 656K, committed 768K, reserved 1048576K
}
Event: 9.195 GC heap before
{Heap before GC invocations=8 (full 0):
 PSYoungGen      total 73728K, used 73716K [0x000000076ab00000, 0x0000000774c00000, 0x00000007c0000000)
  eden space 65024K, 100% used [0x000000076ab00000,0x000000076ea80000,0x000000076ea80000)
  from space 8704K, 99% used [0x000000076ea80000,0x000000076f2fd220,0x000000076f300000)
  to   space 17408K, 0% used [0x0000000773b00000,0x0000000773b00000,0x0000000774c00000)
 ParOldGen       total 44032K, used 31154K [0x00000006c0000000, 0x00000006c2b00000, 0x000000076ab00000)
  object space 44032K, 70% used [0x00000006c0000000,0x00000006c1e6c9e8,0x00000006c2b00000)
 Metaspace       used 6544K, capacity 7256K, committed 7424K, reserved 1056768K
  class space    used 622K, capacity 656K, committed 768K, reserved 1048576K
Event: 9.250 GC heap after
Heap after GC invocations=8 (full 0):
 PSYoungGen      total 142848K, used 17407K [0x000000076ab00000, 0x0000000775500000, 0x00000007c0000000)
  eden space 125440K, 0% used [0x000000076ab00000,0x000000076ab00000,0x0000000772580000)
  from space 17408K, 99% used [0x0000000773b00000,0x0000000774bfffa0,0x0000000774c00000)
  to   space 22016K, 0% used [0x0000000772580000,0x0000000772580000,0x0000000773b00000)
 ParOldGen       total 44032K, used 34488K [0x00000006c0000000, 0x00000006c2b00000, 0x000000076ab00000)
  object space 44032K, 78% used [0x00000006c0000000,0x00000006c21ae130,0x00000006c2b00000)
 Metaspace       used 6544K, capacity 7256K, committed 7424K, reserved 1056768K
  class space    used 622K, capacity 656K, committed 768K, reserved 1048576K
}
Event: 9.250 GC heap before
{Heap before GC invocations=9 (full 1):
 PSYoungGen      total 142848K, used 17407K [0x000000076ab00000, 0x0000000775500000, 0x00000007c0000000)
  eden space 125440K, 0% used [0x000000076ab00000,0x000000076ab00000,0x0000000772580000)
  from space 17408K, 99% used [0x0000000773b00000,0x0000000774bfffa0,0x0000000774c00000)
  to   space 22016K, 0% used [0x0000000772580000,0x0000000772580000,0x0000000773b00000)
 ParOldGen       total 44032K, used 34488K [0x00000006c0000000, 0x00000006c2b00000, 0x000000076ab00000)
  object space 44032K, 78% used [0x00000006c0000000,0x00000006c21ae130,0x00000006c2b00000)
 Metaspace       used 6544K, capacity 7256K, committed 7424K, reserved 1056768K
  class space    used 622K, capacity 656K, committed 768K, reserved 1048576K
Event: 9.768 GC heap after
Heap after GC invocations=9 (full 1):
 PSYoungGen      total 142848K, used 0K [0x000000076ab00000, 0x0000000775500000, 0x00000007c0000000)
  eden space 125440K, 0% used [0x000000076ab00000,0x000000076ab00000,0x0000000772580000)
  from space 17408K, 0% used [0x0000000773b00000,0x0000000773b00000,0x0000000774c00000)
  to   space 22016K, 0% used [0x0000000772580000,0x0000000772580000,0x0000000773b00000)
 ParOldGen       total 72192K, used 37634K [0x00000006c0000000, 0x00000006c4680000, 0x000000076ab00000)
  object space 72192K, 52% used [0x00000006c0000000,0x00000006c24c0b38,0x00000006c4680000)
 Metaspace       used 6544K, capacity 7256K, committed 7424K, reserved 1056768K
  class space    used 622K, capacity 656K, committed 768K, reserved 1048576K
}

