# JRE version: Java(TM) SE Runtime Environment (8.0_112-b15) (build 1.8.0_112-b15)
# Java VM: Java HotSpot(TM) 64-Bit Server VM (25.112-b15 mixed mode windows-amd64 compressed oops)
Heap:
 PSYoungGen      total 178176K, used 38080K [0x000000076ab00000, 0x000000077a500000, 0x00000007c0000000)
  eden space 105472K, 36% used [0x000000076ab00000,0x000000076d030018,0x0000000771200000)
  from space 72704K, 0% used [0x0000000771200000,0x0000000771200000,0x0000000775900000)
  to   space 66560K, 0% used [0x0000000775900000,0x0000000775900000,0x0000000779a00000)
 ParOldGen       total 144896K, used 144575K [0x00000006c0000000, 0x00000006c8d80000, 0x000000076ab00000)
  object space 144896K, 99% used [0x00000006c0000000,0x00000006c8d2fe30,0x00000006c8d80000)
 Metaspace       used 6605K, capacity 7192K, committed 7424K, reserved 1056768K
  class space    used 641K, capacity 656K, committed 768K, reserved 1048576K
GC Heap History (10 events):
Event: 10.719 GC heap before
{Heap before GC invocations=16 (full 4):
 PSYoungGen      total 158208K, used 143408K [0x000000076ab00000, 0x0000000779a00000, 0x00000007c0000000)
  eden space 96256K, 100% used [0x000000076ab00000,0x0000000770900000,0x0000000770900000)
  from space 61952K, 76% used [0x0000000770900000,0x000000077370c368,0x0000000774580000)
  to   space 66560K, 0% used [0x0000000775900000,0x0000000775900000,0x0000000779a00000)
 ParOldGen       total 144896K, used 46186K [0x00000006c0000000, 0x00000006c8d80000, 0x000000076ab00000)
  object space 144896K, 31% used [0x00000006c0000000,0x00000006c2d1a8c0,0x00000006c8d80000)
 Metaspace       used 6496K, capacity 7192K, committed 7424K, reserved 1056768K
  class space    used 640K, capacity 656K, committed 768K, reserved 1048576K
Event: 10.774 GC heap after
Heap after GC invocations=16 (full 4):
 PSYoungGen      total 172032K, used 52849K [0x000000076ab00000, 0x000000077a500000, 0x00000007c0000000)
  eden space 105472K, 0% used [0x000000076ab00000,0x000000076ab00000,0x0000000771200000)
  from space 66560K, 79% used [0x0000000775900000,0x0000000778c9c798,0x0000000779a00000)
  to   space 72704K, 0% used [0x0000000771200000,0x0000000771200000,0x0000000775900000)
 ParOldGen       total 144896K, used 46186K [0x00000006c0000000, 0x00000006c8d80000, 0x000000076ab00000)
  object space 144896K, 31% used [0x00000006c0000000,0x00000006c2d1a8c0,0x00000006c8d80000)
 Metaspace       used 6496K, capacity 7192K, committed 7424K, reserved 1056768K
  class space    used 640K, capacity 656K, committed 768K, reserved 1048576K
}
Event: 10.949 GC heap before
{Heap before GC invocations=17 (full 4):
 PSYoungGen      total 172032K, used 158321K [0x000000076ab00000, 0x000000077a500000, 0x00000007c0000000)
  eden space 105472K, 100% used [0x000000076ab00000,0x0000000771200000,0x0000000771200000)
  from space 66560K, 79% used [0x0000000775900000,0x0000000778c9c798,0x0000000779a00000)
  to   space 72704K, 0% used [0x0000000771200000,0x0000000771200000,0x0000000775900000)
 ParOldGen       total 144896K, used 46186K [0x00000006c0000000, 0x00000006c8d80000, 0x000000076ab00000)
  object space 144896K, 31% used [0x00000006c0000000,0x00000006c2d1a8c0,0x00000006c8d80000)
 Metaspace       used 6501K, capacity 7192K, committed 7424K, reserved 1056768K
  class space    used 640K, capacity 656K, committed 768K, reserved 1048576K
Event: 11.030 GC heap after
Heap after GC invocations=17 (full 4):
 PSYoungGen      total 178176K, used 72700K [0x000000076ab00000, 0x000000077a500000, 0x00000007c0000000)
  eden space 105472K, 0% used [0x000000076ab00000,0x000000076ab00000,0x0000000771200000)
  from space 72704K, 99% used [0x0000000771200000,0x00000007758ff2d0,0x0000000775900000)
  to   space 66560K, 0% used [0x0000000775900000,0x0000000775900000,0x0000000779a00000)
 ParOldGen       total 144896K, used 67003K [0x00000006c0000000, 0x00000006c8d80000, 0x000000076ab00000)
  object space 144896K, 46% used [0x00000006c0000000,0x00000006c416ece0,0x00000006c8d80000)
 Metaspace       used 6501K, capacity 7192K, committed 7424K, reserved 1056768K
  class space    used 640K, capacity 656K, committed 768K, reserved 1048576K
}
Event: 11.462 GC heap before
{Heap before GC invocations=18 (full 4):
 PSYoungGen      total 178176K, used 178172K [0x000000076ab00000, 0x000000077a500000, 0x00000007c0000000)
  eden space 105472K, 100% used [0x000000076ab00000,0x0000000771200000,0x0000000771200000)
  from space 72704K, 99% used [0x0000000771200000,0x00000007758ff2d0,0x0000000775900000)
  to   space 66560K, 0% used [0x0000000775900000,0x0000000775900000,0x0000000779a00000)
 ParOldGen       total 144896K, used 67003K [0x00000006c0000000, 0x00000006c8d80000, 0x000000076ab00000)
  object space 144896K, 46% used [0x00000006c0000000,0x00000006c416ece0,0x00000006c8d80000)
 Metaspace       used 6544K, capacity 7192K, committed 7424K, reserved 1056768K
  class space    used 640K, capacity 656K, committed 768K, reserved 1048576K
Event: 11.626 GC heap after
Heap after GC invocations=18 (full 4):
 PSYoungGen      total 172032K, used 66531K [0x000000076ab00000, 0x000000077a500000, 0x00000007c0000000)
  eden space 105472K, 0% used [0x000000076ab00000,0x000000076ab00000,0x0000000771200000)
  from space 66560K, 99% used [0x0000000775900000,0x00000007799f8fa8,0x0000000779a00000)
  to   space 72704K, 0% used [0x0000000771200000,0x0000000771200000,0x0000000775900000)
 ParOldGen       total 144896K, used 92136K [0x00000006c0000000, 0x00000006c8d80000, 0x000000076ab00000)
  object space 144896K, 63% used [0x00000006c0000000,0x00000006c59fa0c8,0x00000006c8d80000)
 Metaspace       used 6544K, capacity 7192K, committed 7424K, reserved 1056768K
  class space    used 640K, capacity 656K, committed 768K, reserved 1048576K
}
Event: 13.724 GC heap before
{Heap before GC invocations=19 (full 4):
 PSYoungGen      total 172032K, used 172003K [0x000000076ab00000, 0x000000077a500000, 0x00000007c0000000)
  eden space 105472K, 100% used [0x000000076ab00000,0x0000000771200000,0x0000000771200000)
  from space 66560K, 99% used [0x0000000775900000,0x00000007799f8fa8,0x0000000779a00000)
  to   space 72704K, 0% used [0x0000000771200000,0x0000000771200000,0x0000000775900000)
 ParOldGen       total 144896K, used 92136K [0x00000006c0000000, 0x00000006c8d80000, 0x000000076ab00000)
  object space 144896K, 63% used [0x00000006c0000000,0x00000006c59fa0c8,0x00000006c8d80000)
 Metaspace       used 6598K, capacity 7192K, committed 7424K, reserved 1056768K
  class space    used 641K, capacity 656K, committed 768K, reserved 1048576K
Event: 13.935 GC heap after
Heap after GC invocations=19 (full 4):
 PSYoungGen      total 178176K, used 72696K [0x000000076ab00000, 0x000000077a500000, 0x00000007c0000000)
  eden space 105472K, 0% used [0x000000076ab00000,0x000000076ab00000,0x0000000771200000)
  from space 72704K, 99% used [0x0000000771200000,0x00000007758fe288,0x0000000775900000)
  to   space 66560K, 0% used [0x0000000775900000,0x0000000775900000,0x0000000779a00000)
 ParOldGen       total 144896K, used 123779K [0x00000006c0000000, 0x00000006c8d80000, 0x000000076ab00000)
  object space 144896K, 85% used [0x00000006c0000000,0x00000006c78e0cd8,0x00000006c8d80000)
 Metaspace       used 6598K, capacity 7192K, committed 7424K, reserved 1056768K
  class space    used 641K, capacity 656K, committed 768K, reserved 1048576K
}
Event: 13.935 GC heap before
{Heap before GC invocations=20 (full 5):
 PSYoungGen      total 178176K, used 72696K [0x000000076ab00000, 0x000000077a500000, 0x00000007c0000000)
  eden space 105472K, 0% used [0x000000076ab00000,0x000000076ab00000,0x0000000771200000)
  from space 72704K, 99% used [0x0000000771200000,0x00000007758fe288,0x0000000775900000)
  to   space 66560K, 0% used [0x0000000775900000,0x0000000775900000,0x0000000779a00000)
 ParOldGen       total 144896K, used 123779K [0x00000006c0000000, 0x00000006c8d80000, 0x000000076ab00000)
  object space 144896K, 85% used [0x00000006c0000000,0x00000006c78e0cd8,0x00000006c8d80000)
 Metaspace       used 6598K, capacity 7192K, committed 7424K, reserved 1056768K
  class space    used 641K, capacity 656K, committed 768K, reserved 1048576K
Event: 14.672 GC heap after
Heap after GC invocations=20 (full 5):
 PSYoungGen      total 178176K, used 0K [0x000000076ab00000, 0x000000077a500000, 0x00000007c0000000)
  eden space 105472K, 0% used [0x000000076ab00000,0x000000076ab00000,0x0000000771200000)
  from space 72704K, 0% used [0x0000000771200000,0x0000000771200000,0x0000000775900000)
  to   space 66560K, 0% used [0x0000000775900000,0x0000000775900000,0x0000000779a00000)
 ParOldGen       total 144896K, used 113828K [0x00000006c0000000, 0x00000006c8d80000, 0x000000076ab00000)
  object space 144896K, 78% used [0x00000006c0000000,0x00000006c6f29080,0x00000006c8d80000)
 Metaspace       used 6598K, capacity 7192K, committed 7424K, reserved 1056768K
  class space    used 641K, capacity 656K, committed 768K, reserved 1048576K
}

