# JRE version: Java(TM) SE Runtime Environment (8.0_112-b15) (build 1.8.0_112-b15)
# Java VM: Java HotSpot(TM) 64-Bit Server VM (25.112-b15 mixed mode windows-amd64 compressed oops)
Heap:
 PSYoungGen      total 142848K, used 111489K [0x000000076ab00000, 0x000000077a180000, 0x00000007c0000000)
  eden space 124928K, 79% used [0x000000076ab00000,0x0000000770c68058,0x0000000772500000)
  from space 17920K, 65% used [0x0000000772500000,0x00000007730784d8,0x0000000773680000)
  to   space 26112K, 0% used [0x0000000778800000,0x0000000778800000,0x000000077a180000)
 ParOldGen       total 79360K, used 43803K [0x00000006c0000000, 0x00000006c4d80000, 0x000000076ab00000)
  object space 79360K, 55% used [0x00000006c0000000,0x00000006c2ac6e18,0x00000006c4d80000)
 Metaspace       used 7032K, capacity 7640K, committed 7936K, reserved 1056768K
  class space    used 662K, capacity 720K, committed 768K, reserved 1048576K
GC Heap History (10 events):
Event: 3.840 GC heap before
{Heap before GC invocations=6 (full 0):
 PSYoungGen      total 35328K, used 35309K [0x000000076ab00000, 0x000000076fa00000, 0x00000007c0000000)
  eden space 32768K, 100% used [0x000000076ab00000,0x000000076cb00000,0x000000076cb00000)
  from space 2560K, 99% used [0x000000076cb00000,0x000000076cd7b7a8,0x000000076cd80000)
  to   space 7680K, 0% used [0x000000076f280000,0x000000076f280000,0x000000076fa00000)
 ParOldGen       total 44032K, used 16188K [0x00000006c0000000, 0x00000006c2b00000, 0x000000076ab00000)
  object space 44032K, 36% used [0x00000006c0000000,0x00000006c0fcf3e8,0x00000006c2b00000)
 Metaspace       used 6366K, capacity 7128K, committed 7424K, reserved 1056768K
  class space    used 623K, capacity 656K, committed 768K, reserved 1048576K
Event: 3.913 GC heap after
Heap after GC invocations=6 (full 0):
 PSYoungGen      total 72192K, used 7676K [0x000000076ab00000, 0x000000076fc00000, 0x00000007c0000000)
  eden space 64512K, 0% used [0x000000076ab00000,0x000000076ab00000,0x000000076ea00000)
  from space 7680K, 99% used [0x000000076f280000,0x000000076f9ff218,0x000000076fa00000)
  to   space 8704K, 0% used [0x000000076ea00000,0x000000076ea00000,0x000000076f280000)
 ParOldGen       total 44032K, used 16411K [0x00000006c0000000, 0x00000006c2b00000, 0x000000076ab00000)
  object space 44032K, 37% used [0x00000006c0000000,0x00000006c1006e70,0x00000006c2b00000)
 Metaspace       used 6366K, capacity 7128K, committed 7424K, reserved 1056768K
  class space    used 623K, capacity 656K, committed 768K, reserved 1048576K
}
Event: 5.517 GC heap before
{Heap before GC invocations=7 (full 0):
 PSYoungGen      total 72192K, used 72188K [0x000000076ab00000, 0x000000076fc00000, 0x00000007c0000000)
  eden space 64512K, 100% used [0x000000076ab00000,0x000000076ea00000,0x000000076ea00000)
  from space 7680K, 99% used [0x000000076f280000,0x000000076f9ff218,0x000000076fa00000)
  to   space 8704K, 0% used [0x000000076ea00000,0x000000076ea00000,0x000000076f280000)
 ParOldGen       total 44032K, used 16411K [0x00000006c0000000, 0x00000006c2b00000, 0x000000076ab00000)
  object space 44032K, 37% used [0x00000006c0000000,0x00000006c1006e70,0x00000006c2b00000)
 Metaspace       used 6523K, capacity 7192K, committed 7424K, reserved 1056768K
  class space    used 641K, capacity 656K, committed 768K, reserved 1048576K
Event: 6.077 GC heap after
Heap after GC invocations=7 (full 0):
 PSYoungGen      total 73216K, used 8702K [0x000000076ab00000, 0x0000000774400000, 0x00000007c0000000)
  eden space 64512K, 0% used [0x000000076ab00000,0x000000076ab00000,0x000000076ea00000)
  from space 8704K, 99% used [0x000000076ea00000,0x000000076f27fbe8,0x000000076f280000)
  to   space 13824K, 0% used [0x0000000773680000,0x0000000773680000,0x0000000774400000)
 ParOldGen       total 44032K, used 25168K [0x00000006c0000000, 0x00000006c2b00000, 0x000000076ab00000)
  object space 44032K, 57% used [0x00000006c0000000,0x00000006c1894120,0x00000006c2b00000)
 Metaspace       used 6523K, capacity 7192K, committed 7424K, reserved 1056768K
  class space    used 641K, capacity 656K, committed 768K, reserved 1048576K
}
Event: 7.324 GC heap before
{Heap before GC invocations=8 (full 0):
 PSYoungGen      total 73216K, used 73214K [0x000000076ab00000, 0x0000000774400000, 0x00000007c0000000)
  eden space 64512K, 100% used [0x000000076ab00000,0x000000076ea00000,0x000000076ea00000)
  from space 8704K, 99% used [0x000000076ea00000,0x000000076f27fbe8,0x000000076f280000)
  to   space 13824K, 0% used [0x0000000773680000,0x0000000773680000,0x0000000774400000)
 ParOldGen       total 44032K, used 25168K [0x00000006c0000000, 0x00000006c2b00000, 0x000000076ab00000)
  object space 44032K, 57% used [0x00000006c0000000,0x00000006c1894120,0x00000006c2b00000)
 Metaspace       used 6571K, capacity 7192K, committed 7424K, reserved 1056768K
  class space    used 641K, capacity 656K, committed 768K, reserved 1048576K
Event: 7.407 GC heap after
Heap after GC invocations=8 (full 0):
 PSYoungGen      total 138752K, used 13805K [0x000000076ab00000, 0x0000000774c00000, 0x00000007c0000000)
  eden space 124928K, 0% used [0x000000076ab00000,0x000000076ab00000,0x0000000772500000)
  from space 13824K, 99% used [0x0000000773680000,0x00000007743fb410,0x0000000774400000)
  to   space 17920K, 0% used [0x0000000772500000,0x0000000772500000,0x0000000773680000)
 ParOldGen       total 44032K, used 29479K [0x00000006c0000000, 0x00000006c2b00000, 0x000000076ab00000)
  object space 44032K, 66% used [0x00000006c0000000,0x00000006c1cc9c80,0x00000006c2b00000)
 Metaspace       used 6571K, capacity 7192K, committed 7424K, reserved 1056768K
  class space    used 641K, capacity 656K, committed 768K, reserved 1048576K
}
Event: 8.438 GC heap before
{Heap before GC invocations=9 (full 0):
 PSYoungGen      total 138752K, used 138733K [0x000000076ab00000, 0x0000000774c00000, 0x00000007c0000000)
  eden space 124928K, 100% used [0x000000076ab00000,0x0000000772500000,0x0000000772500000)
  from space 13824K, 99% used [0x0000000773680000,0x00000007743fb410,0x0000000774400000)
  to   space 17920K, 0% used [0x0000000772500000,0x0000000772500000,0x0000000773680000)
 ParOldGen       total 44032K, used 29479K [0x00000006c0000000, 0x00000006c2b00000, 0x000000076ab00000)
  object space 44032K, 66% used [0x00000006c0000000,0x00000006c1cc9c80,0x00000006c2b00000)
 Metaspace       used 6633K, capacity 7256K, committed 7424K, reserved 1056768K
  class space    used 641K, capacity 656K, committed 768K, reserved 1048576K
Event: 8.540 GC heap after
Heap after GC invocations=9 (full 0):
 PSYoungGen      total 142848K, used 17912K [0x000000076ab00000, 0x000000077a180000, 0x00000007c0000000)
  eden space 124928K, 0% used [0x000000076ab00000,0x000000076ab00000,0x0000000772500000)
  from space 17920K, 99% used [0x0000000772500000,0x000000077367e1d0,0x0000000773680000)
  to   space 26112K, 0% used [0x0000000778800000,0x0000000778800000,0x000000077a180000)
 ParOldGen       total 44032K, used 43501K [0x00000006c0000000, 0x00000006c2b00000, 0x000000076ab00000)
  object space 44032K, 98% used [0x00000006c0000000,0x00000006c2a7b628,0x00000006c2b00000)
 Metaspace       used 6633K, capacity 7256K, committed 7424K, reserved 1056768K
  class space    used 641K, capacity 656K, committed 768K, reserved 1048576K
}
Event: 8.540 GC heap before
{Heap before GC invocations=10 (full 1):
 PSYoungGen      total 142848K, used 17912K [0x000000076ab00000, 0x000000077a180000, 0x00000007c0000000)
  eden space 124928K, 0% used [0x000000076ab00000,0x000000076ab00000,0x0000000772500000)
  from space 17920K, 99% used [0x0000000772500000,0x000000077367e1d0,0x0000000773680000)
  to   space 26112K, 0% used [0x0000000778800000,0x0000000778800000,0x000000077a180000)
 ParOldGen       total 44032K, used 43501K [0x00000006c0000000, 0x00000006c2b00000, 0x000000076ab00000)
  object space 44032K, 98% used [0x00000006c0000000,0x00000006c2a7b628,0x00000006c2b00000)
 Metaspace       used 6633K, capacity 7256K, committed 7424K, reserved 1056768K
  class space    used 641K, capacity 656K, committed 768K, reserved 1048576K
Event: 9.341 GC heap after
Heap after GC invocations=10 (full 1):
 PSYoungGen      total 142848K, used 11745K [0x000000076ab00000, 0x000000077a180000, 0x00000007c0000000)
  eden space 124928K, 0% used [0x000000076ab00000,0x000000076ab00000,0x0000000772500000)
  from space 17920K, 65% used [0x0000000772500000,0x00000007730784d8,0x0000000773680000)
  to   space 26112K, 0% used [0x0000000778800000,0x0000000778800000,0x000000077a180000)
 ParOldGen       total 79360K, used 43803K [0x00000006c0000000, 0x00000006c4d80000, 0x000000076ab00000)
  object space 79360K, 55% used [0x00000006c0000000,0x00000006c2ac6e18,0x00000006c4d80000)
 Metaspace       used 6633K, capacity 7256K, committed 7424K, reserved 1056768K
  class space    used 641K, capacity 656K, committed 768K, reserved 1048576K
}

