# JRE version: Java(TM) SE Runtime Environment (8.0_112-b15) (build 1.8.0_112-b15)
# Java VM: Java HotSpot(TM) 64-Bit Server VM (25.112-b15 mixed mode windows-amd64 compressed oops)
Heap:
 PSYoungGen      total 229888K, used 191767K [0x000000076ab00000, 0x0000000780b80000, 0x00000007c0000000)
  eden space 123392K, 84% used [0x000000076ab00000,0x00000007711178a8,0x0000000772380000)
  from space 106496K, 81% used [0x000000077a380000,0x000000077f8ae358,0x0000000780b80000)
  to   space 103936K, 0% used [0x0000000772380000,0x0000000772380000,0x0000000778900000)
 ParOldGen       total 309760K, used 151627K [0x00000006c0000000, 0x00000006d2e80000, 0x000000076ab00000)
  object space 309760K, 48% used [0x00000006c0000000,0x00000006c9412de0,0x00000006d2e80000)
 Metaspace       used 6649K, capacity 7256K, committed 7424K, reserved 1056768K
  class space    used 642K, capacity 656K, committed 768K, reserved 1048576K
GC Heap History (10 events):
Event: 20.320 GC heap before
{Heap before GC invocations=21 (full 5):
 PSYoungGen      total 153600K, used 152376K [0x000000076ab00000, 0x0000000777600000, 0x00000007c0000000)
  eden space 103424K, 100% used [0x000000076ab00000,0x0000000771000000,0x0000000771000000)
  from space 50176K, 97% used [0x0000000774500000,0x00000007774ce2b0,0x0000000777600000)
  to   space 31232K, 0% used [0x0000000771000000,0x0000000771000000,0x0000000772e80000)
 ParOldGen       total 238592K, used 183263K [0x00000006c0000000, 0x00000006ce900000, 0x000000076ab00000)
  object space 238592K, 76% used [0x00000006c0000000,0x00000006cb2f7ff8,0x00000006ce900000)
 Metaspace       used 6629K, capacity 7256K, committed 7424K, reserved 1056768K
  class space    used 641K, capacity 656K, committed 768K, reserved 1048576K
Event: 20.484 GC heap after
Heap after GC invocations=21 (full 5):
 PSYoungGen      total 134656K, used 31228K [0x000000076ab00000, 0x0000000780700000, 0x00000007c0000000)
  eden space 103424K, 0% used [0x000000076ab00000,0x000000076ab00000,0x0000000771000000)
  from space 31232K, 99% used [0x0000000771000000,0x0000000772e7f038,0x0000000772e80000)
  to   space 109056K, 0% used [0x0000000779c80000,0x0000000779c80000,0x0000000780700000)
 ParOldGen       total 249856K, used 249585K [0x00000006c0000000, 0x00000006cf400000, 0x000000076ab00000)
  object space 249856K, 99% used [0x00000006c0000000,0x00000006cf3bc5c0,0x00000006cf400000)
 Metaspace       used 6629K, capacity 7256K, committed 7424K, reserved 1056768K
  class space    used 641K, capacity 656K, committed 768K, reserved 1048576K
}
Event: 20.484 GC heap before
{Heap before GC invocations=22 (full 6):
 PSYoungGen      total 134656K, used 31228K [0x000000076ab00000, 0x0000000780700000, 0x00000007c0000000)
  eden space 103424K, 0% used [0x000000076ab00000,0x000000076ab00000,0x0000000771000000)
  from space 31232K, 99% used [0x0000000771000000,0x0000000772e7f038,0x0000000772e80000)
  to   space 109056K, 0% used [0x0000000779c80000,0x0000000779c80000,0x0000000780700000)
 ParOldGen       total 249856K, used 249585K [0x00000006c0000000, 0x00000006cf400000, 0x000000076ab00000)
  object space 249856K, 99% used [0x00000006c0000000,0x00000006cf3bc5c0,0x00000006cf400000)
 Metaspace       used 6629K, capacity 7256K, committed 7424K, reserved 1056768K
  class space    used 641K, capacity 656K, committed 768K, reserved 1048576K
Event: 21.027 GC heap after
Heap after GC invocations=22 (full 6):
 PSYoungGen      total 134656K, used 0K [0x000000076ab00000, 0x0000000780700000, 0x00000007c0000000)
  eden space 103424K, 0% used [0x000000076ab00000,0x000000076ab00000,0x0000000771000000)
  from space 31232K, 0% used [0x0000000771000000,0x0000000771000000,0x0000000772e80000)
  to   space 109056K, 0% used [0x0000000779c80000,0x0000000779c80000,0x0000000780700000)
 ParOldGen       total 309760K, used 151611K [0x00000006c0000000, 0x00000006d2e80000, 0x000000076ab00000)
  object space 309760K, 48% used [0x00000006c0000000,0x00000006c940ede0,0x00000006d2e80000)
 Metaspace       used 6629K, capacity 7256K, committed 7424K, reserved 1056768K
  class space    used 641K, capacity 656K, committed 768K, reserved 1048576K
}
Event: 21.280 GC heap before
{Heap before GC invocations=23 (full 6):
 PSYoungGen      total 134656K, used 103424K [0x000000076ab00000, 0x0000000780700000, 0x00000007c0000000)
  eden space 103424K, 100% used [0x000000076ab00000,0x0000000771000000,0x0000000771000000)
  from space 31232K, 0% used [0x0000000771000000,0x0000000771000000,0x0000000772e80000)
  to   space 109056K, 0% used [0x0000000779c80000,0x0000000779c80000,0x0000000780700000)
 ParOldGen       total 309760K, used 151611K [0x00000006c0000000, 0x00000006d2e80000, 0x000000076ab00000)
  object space 309760K, 48% used [0x00000006c0000000,0x00000006c940ede0,0x00000006d2e80000)
 Metaspace       used 6629K, capacity 7256K, committed 7424K, reserved 1056768K
  class space    used 641K, capacity 656K, committed 768K, reserved 1048576K
Event: 21.320 GC heap after
Heap after GC invocations=23 (full 6):
 PSYoungGen      total 207360K, used 39563K [0x000000076ab00000, 0x000000077ee80000, 0x00000007c0000000)
  eden space 123392K, 0% used [0x000000076ab00000,0x000000076ab00000,0x0000000772380000)
  from space 83968K, 47% used [0x0000000779c80000,0x000000077c322e30,0x000000077ee80000)
  to   space 103936K, 0% used [0x0000000772380000,0x0000000772380000,0x0000000778900000)
 ParOldGen       total 309760K, used 151611K [0x00000006c0000000, 0x00000006d2e80000, 0x000000076ab00000)
  object space 309760K, 48% used [0x00000006c0000000,0x00000006c940ede0,0x00000006d2e80000)
 Metaspace       used 6629K, capacity 7256K, committed 7424K, reserved 1056768K
  class space    used 641K, capacity 656K, committed 768K, reserved 1048576K
}
Event: 21.945 GC heap before
{Heap before GC invocations=24 (full 6):
 PSYoungGen      total 207360K, used 162955K [0x000000076ab00000, 0x000000077ee80000, 0x00000007c0000000)
  eden space 123392K, 100% used [0x000000076ab00000,0x0000000772380000,0x0000000772380000)
  from space 83968K, 47% used [0x0000000779c80000,0x000000077c322e30,0x000000077ee80000)
  to   space 103936K, 0% used [0x0000000772380000,0x0000000772380000,0x0000000778900000)
 ParOldGen       total 309760K, used 151611K [0x00000006c0000000, 0x00000006d2e80000, 0x000000076ab00000)
  object space 309760K, 48% used [0x00000006c0000000,0x00000006c940ede0,0x00000006d2e80000)
 Metaspace       used 6637K, capacity 7256K, committed 7424K, reserved 1056768K
  class space    used 641K, capacity 656K, committed 768K, reserved 1048576K
Event: 22.040 GC heap after
Heap after GC invocations=24 (full 6):
 PSYoungGen      total 227328K, used 68029K [0x000000076ab00000, 0x0000000780b80000, 0x00000007c0000000)
  eden space 123392K, 0% used [0x000000076ab00000,0x000000076ab00000,0x0000000772380000)
  from space 103936K, 65% used [0x0000000772380000,0x00000007765ef420,0x0000000778900000)
  to   space 106496K, 0% used [0x000000077a380000,0x000000077a380000,0x0000000780b80000)
 ParOldGen       total 309760K, used 151619K [0x00000006c0000000, 0x00000006d2e80000, 0x000000076ab00000)
  object space 309760K, 48% used [0x00000006c0000000,0x00000006c9410de0,0x00000006d2e80000)
 Metaspace       used 6637K, capacity 7256K, committed 7424K, reserved 1056768K
  class space    used 641K, capacity 656K, committed 768K, reserved 1048576K
}
Event: 22.936 GC heap before
{Heap before GC invocations=25 (full 6):
 PSYoungGen      total 227328K, used 191421K [0x000000076ab00000, 0x0000000780b80000, 0x00000007c0000000)
  eden space 123392K, 100% used [0x000000076ab00000,0x0000000772380000,0x0000000772380000)
  from space 103936K, 65% used [0x0000000772380000,0x00000007765ef420,0x0000000778900000)
  to   space 106496K, 0% used [0x000000077a380000,0x000000077a380000,0x0000000780b80000)
 ParOldGen       total 309760K, used 151619K [0x00000006c0000000, 0x00000006d2e80000, 0x000000076ab00000)
  object space 309760K, 48% used [0x00000006c0000000,0x00000006c9410de0,0x00000006d2e80000)
 Metaspace       used 6643K, capacity 7256K, committed 7424K, reserved 1056768K
  class space    used 641K, capacity 656K, committed 768K, reserved 1048576K
Event: 23.059 GC heap after
Heap after GC invocations=25 (full 6):
 PSYoungGen      total 229888K, used 87224K [0x000000076ab00000, 0x0000000780b80000, 0x00000007c0000000)
  eden space 123392K, 0% used [0x000000076ab00000,0x000000076ab00000,0x0000000772380000)
  from space 106496K, 81% used [0x000000077a380000,0x000000077f8ae358,0x0000000780b80000)
  to   space 103936K, 0% used [0x0000000772380000,0x0000000772380000,0x0000000778900000)
 ParOldGen       total 309760K, used 151627K [0x00000006c0000000, 0x00000006d2e80000, 0x000000076ab00000)
  object space 309760K, 48% used [0x00000006c0000000,0x00000006c9412de0,0x00000006d2e80000)
 Metaspace       used 6643K, capacity 7256K, committed 7424K, reserved 1056768K
  class space    used 641K, capacity 656K, committed 768K, reserved 1048576K
}

