# JRE version: Java(TM) SE Runtime Environment (8.0_112-b15) (build 1.8.0_112-b15)
# Java VM: Java HotSpot(TM) 64-Bit Server VM (25.112-b15 mixed mode windows-amd64 compressed oops)
Heap:
 PSYoungGen      total 653824K, used 312426K [0x000000076ab00000, 0x00000007a9900000, 0x00000007c0000000)
  eden space 400896K, 14% used [0x000000076ab00000,0x000000076e51f318,0x0000000783280000)
  from space 252928K, 99% used [0x0000000783280000,0x000000079297b6d0,0x0000000792980000)
  to   space 303104K, 0% used [0x0000000797100000,0x0000000797100000,0x00000007a9900000)
 ParOldGen       total 864768K, used 603895K [0x00000006c0000000, 0x00000006f4c80000, 0x000000076ab00000)
  object space 864768K, 69% used [0x00000006c0000000,0x00000006e4dbdd18,0x00000006f4c80000)
 Metaspace       used 6688K, capacity 7320K, committed 7680K, reserved 1056768K
  class space    used 636K, capacity 656K, committed 768K, reserved 1048576K
GC Heap History (10 events):
Event: 85.878 GC heap before
{Heap before GC invocations=30 (full 7):
 PSYoungGen      total 578048K, used 103336K [0x000000076ab00000, 0x000000079e300000, 0x00000007c0000000)
  eden space 362496K, 0% used [0x000000076ab00000,0x000000076ab00000,0x0000000780d00000)
  from space 215552K, 47% used [0x0000000780d00000,0x00000007871ea2d8,0x000000078df80000)
  to   space 211456K, 0% used [0x0000000791480000,0x0000000791480000,0x000000079e300000)
 ParOldGen       total 812032K, used 719028K [0x00000006c0000000, 0x00000006f1900000, 0x000000076ab00000)
  object space 812032K, 88% used [0x00000006c0000000,0x00000006ebe2d060,0x00000006f1900000)
 Metaspace       used 6685K, capacity 7320K, committed 7680K, reserved 1056768K
  class space    used 636K, capacity 656K, committed 768K, reserved 1048576K
Event: 87.699 GC heap after
Heap after GC invocations=30 (full 7):
 PSYoungGen      total 578048K, used 0K [0x000000076ab00000, 0x000000079e300000, 0x00000007c0000000)
  eden space 362496K, 0% used [0x000000076ab00000,0x000000076ab00000,0x0000000780d00000)
  from space 215552K, 0% used [0x0000000780d00000,0x0000000780d00000,0x000000078df80000)
  to   space 211456K, 0% used [0x0000000791480000,0x0000000791480000,0x000000079e300000)
 ParOldGen       total 864768K, used 579246K [0x00000006c0000000, 0x00000006f4c80000, 0x000000076ab00000)
  object space 864768K, 66% used [0x00000006c0000000,0x00000006e35ab908,0x00000006f4c80000)
 Metaspace       used 6685K, capacity 7320K, committed 7680K, reserved 1056768K
  class space    used 636K, capacity 656K, committed 768K, reserved 1048576K
}
Event: 89.015 GC heap before
{Heap before GC invocations=31 (full 7):
 PSYoungGen      total 578048K, used 362496K [0x000000076ab00000, 0x000000079e300000, 0x00000007c0000000)
  eden space 362496K, 100% used [0x000000076ab00000,0x0000000780d00000,0x0000000780d00000)
  from space 215552K, 0% used [0x0000000780d00000,0x0000000780d00000,0x000000078df80000)
  to   space 211456K, 0% used [0x0000000791480000,0x0000000791480000,0x000000079e300000)
 ParOldGen       total 864768K, used 579246K [0x00000006c0000000, 0x00000006f4c80000, 0x000000076ab00000)
  object space 864768K, 66% used [0x00000006c0000000,0x00000006e35ab908,0x00000006f4c80000)
 Metaspace       used 6686K, capacity 7320K, committed 7680K, reserved 1056768K
  class space    used 636K, capacity 656K, committed 768K, reserved 1048576K
Event: 89.101 GC heap after
Heap after GC invocations=31 (full 7):
 PSYoungGen      total 582144K, used 94110K [0x000000076ab00000, 0x000000079c300000, 0x00000007c0000000)
  eden space 403456K, 0% used [0x000000076ab00000,0x000000076ab00000,0x0000000783500000)
  from space 178688K, 52% used [0x0000000791480000,0x0000000797067920,0x000000079c300000)
  to   space 203776K, 0% used [0x0000000783500000,0x0000000783500000,0x000000078fc00000)
 ParOldGen       total 864768K, used 579246K [0x00000006c0000000, 0x00000006f4c80000, 0x000000076ab00000)
  object space 864768K, 66% used [0x00000006c0000000,0x00000006e35ab908,0x00000006f4c80000)
 Metaspace       used 6686K, capacity 7320K, committed 7680K, reserved 1056768K
  class space    used 636K, capacity 656K, committed 768K, reserved 1048576K
}
Event: 98.254 GC heap before
{Heap before GC invocations=32 (full 7):
 PSYoungGen      total 582144K, used 497566K [0x000000076ab00000, 0x000000079c300000, 0x00000007c0000000)
  eden space 403456K, 100% used [0x000000076ab00000,0x0000000783500000,0x0000000783500000)
  from space 178688K, 52% used [0x0000000791480000,0x0000000797067920,0x000000079c300000)
  to   space 203776K, 0% used [0x0000000783500000,0x0000000783500000,0x000000078fc00000)
 ParOldGen       total 864768K, used 579246K [0x00000006c0000000, 0x00000006f4c80000, 0x000000076ab00000)
  object space 864768K, 66% used [0x00000006c0000000,0x00000006e35ab908,0x00000006f4c80000)
 Metaspace       used 6687K, capacity 7320K, committed 7680K, reserved 1056768K
  class space    used 636K, capacity 656K, committed 768K, reserved 1048576K
Event: 98.693 GC heap after
Heap after GC invocations=32 (full 7):
 PSYoungGen      total 607232K, used 153895K [0x000000076ab00000, 0x000000079ff00000, 0x00000007c0000000)
  eden space 403456K, 0% used [0x000000076ab00000,0x000000076ab00000,0x0000000783500000)
  from space 203776K, 75% used [0x0000000783500000,0x000000078cb49d90,0x000000078fc00000)
  to   space 218624K, 0% used [0x0000000792980000,0x0000000792980000,0x000000079ff00000)
 ParOldGen       total 864768K, used 579246K [0x00000006c0000000, 0x00000006f4c80000, 0x000000076ab00000)
  object space 864768K, 66% used [0x00000006c0000000,0x00000006e35ab908,0x00000006f4c80000)
 Metaspace       used 6687K, capacity 7320K, committed 7680K, reserved 1056768K
  class space    used 636K, capacity 656K, committed 768K, reserved 1048576K
}
Event: 119.248 GC heap before
{Heap before GC invocations=33 (full 7):
 PSYoungGen      total 607232K, used 557351K [0x000000076ab00000, 0x000000079ff00000, 0x00000007c0000000)
  eden space 403456K, 100% used [0x000000076ab00000,0x0000000783500000,0x0000000783500000)
  from space 203776K, 75% used [0x0000000783500000,0x000000078cb49d90,0x000000078fc00000)
  to   space 218624K, 0% used [0x0000000792980000,0x0000000792980000,0x000000079ff00000)
 ParOldGen       total 864768K, used 579246K [0x00000006c0000000, 0x00000006f4c80000, 0x000000076ab00000)
  object space 864768K, 66% used [0x00000006c0000000,0x00000006e35ab908,0x00000006f4c80000)
 Metaspace       used 6687K, capacity 7320K, committed 7680K, reserved 1056768K
  class space    used 636K, capacity 656K, committed 768K, reserved 1048576K
Event: 119.535 GC heap after
Heap after GC invocations=33 (full 7):
 PSYoungGen      total 619520K, used 216898K [0x000000076ab00000, 0x00000007a3d80000, 0x00000007c0000000)
  eden space 400896K, 0% used [0x000000076ab00000,0x000000076ab00000,0x0000000783280000)
  from space 218624K, 99% used [0x0000000792980000,0x000000079fd50958,0x000000079ff00000)
  to   space 252928K, 0% used [0x0000000783280000,0x0000000783280000,0x0000000792980000)
 ParOldGen       total 864768K, used 579246K [0x00000006c0000000, 0x00000006f4c80000, 0x000000076ab00000)
  object space 864768K, 66% used [0x00000006c0000000,0x00000006e35ab908,0x00000006f4c80000)
 Metaspace       used 6687K, capacity 7320K, committed 7680K, reserved 1056768K
  class space    used 636K, capacity 656K, committed 768K, reserved 1048576K
}
Event: 148.505 GC heap before
{Heap before GC invocations=34 (full 7):
 PSYoungGen      total 619520K, used 617794K [0x000000076ab00000, 0x00000007a3d80000, 0x00000007c0000000)
  eden space 400896K, 100% used [0x000000076ab00000,0x0000000783280000,0x0000000783280000)
  from space 218624K, 99% used [0x0000000792980000,0x000000079fd50958,0x000000079ff00000)
  to   space 252928K, 0% used [0x0000000783280000,0x0000000783280000,0x0000000792980000)
 ParOldGen       total 864768K, used 579246K [0x00000006c0000000, 0x00000006f4c80000, 0x000000076ab00000)
  object space 864768K, 66% used [0x00000006c0000000,0x00000006e35ab908,0x00000006f4c80000)
 Metaspace       used 6688K, capacity 7320K, committed 7680K, reserved 1056768K
  class space    used 636K, capacity 656K, committed 768K, reserved 1048576K
Event: 148.966 GC heap after
Heap after GC invocations=34 (full 7):
 PSYoungGen      total 653824K, used 252909K [0x000000076ab00000, 0x00000007a9900000, 0x00000007c0000000)
  eden space 400896K, 0% used [0x000000076ab00000,0x000000076ab00000,0x0000000783280000)
  from space 252928K, 99% used [0x0000000783280000,0x000000079297b6d0,0x0000000792980000)
  to   space 303104K, 0% used [0x0000000797100000,0x0000000797100000,0x00000007a9900000)
 ParOldGen       total 864768K, used 603895K [0x00000006c0000000, 0x00000006f4c80000, 0x000000076ab00000)
  object space 864768K, 69% used [0x00000006c0000000,0x00000006e4dbdd18,0x00000006f4c80000)
 Metaspace       used 6688K, capacity 7320K, committed 7680K, reserved 1056768K
  class space    used 636K, capacity 656K, committed 768K, reserved 1048576K
}

